Streaming transaction logs mentioning D9es5JgK89P3DHSDdD2bFnn3iYzc5ygRA789Sp4VUtJ2. Confirmed commitment
Transaction executed in slot 169148:
  Signature: 446cC2sH19zMR7e2tHdbNJPio6iJdA1NqTU3JTMtPpwg57NvGETTAbJHoTwnuwfYLPwrdAm5dnaMuNwRqMENV6xF
  Status: Ok
  Log Messages:
    Program D9es5JgK89P3DHSDdD2bFnn3iYzc5ygRA789Sp4VUtJ2 invoke [1]
    Program log: Instruction: CreateMultisig
    Program 11111111111111111111111111111111 invoke [2]
    Program 11111111111111111111111111111111 success
    Program data: Xhnubl8o+0Ls79qjbGujUVZRI0I5WA3YOSdkFm/pntvhmeXdvdNTd5aIeEqQ9jphekP1kLcyiBWjqvrHx5VITi0hZADf4Mp+bBXhZwAAAAA=
    Program D9es5JgK89P3DHSDdD2bFnn3iYzc5ygRA789Sp4VUtJ2 consumed 6954 of 200000 compute units
    Program D9es5JgK89P3DHSDdD2bFnn3iYzc5ygRA789Sp4VUtJ2 success
Transaction executed in slot 169149:
  Signature: 4wcRqWfLi2SE1d64oCRP7YV8B9aqyVrymEGWHDKUUzGRr73xtp7Ez8GcP74LzbA5JeLw8efqE1ykQ4ivPMMVigbu
  Status: Ok
  Log Messages:
    Program D9es5JgK89P3DHSDdD2bFnn3iYzc5ygRA789Sp4VUtJ2 invoke [1]
    Program log: Instruction: CreateProposal
    Program 11111111111111111111111111111111 invoke [2]
    Program 11111111111111111111111111111111 success
    Program data: ugigbFENM87s79qjbGujUVZRI0I5WA3YOSdkFm/pntvhmeXdvdNTd1CMT/+RmZTh0KkWN7vrILiyGqQgq3wIjOhGlIuLLyPtloh4SpD2OmF6Q/WQtzKIFaOq+sfHlUhOLSFkAN/gyn5tFeFnAAAAAA==
    Program D9es5JgK89P3DHSDdD2bFnn3iYzc5ygRA789Sp4VUtJ2 consumed 9100 of 200000 compute units
    Program D9es5JgK89P3DHSDdD2bFnn3iYzc5ygRA789Sp4VUtJ2 success
Transaction executed in slot 169150:
  Signature: nSYcgmvzJakrXho8Fq7LvZPm7kb3YF4njXEJWPnYfr9fwWZ6iJaapuRDkC6vsNw6MC7ZB2uGxmd4bBvENZ7whkN
  Status: Ok
  Log Messages:
    Program D9es5JgK89P3DHSDdD2bFnn3iYzc5ygRA789Sp4VUtJ2 invoke [1]
    Program log: Instruction: VoteProposal
    Program data: 7ZmloqIu8+Ds79qjbGujUVZRI0I5WA3YOSdkFm/pntvhmeXdvdNTd1CMT/+RmZTh0KkWN7vrILiyGqQgq3wIjOhGlIuLLyPtnuUaU+bQLlT16GezgiULMVvXKgX2luiox+/HZn31hnpvFeFnAAAAAA==
    Program D9es5JgK89P3DHSDdD2bFnn3iYzc5ygRA789Sp4VUtJ2 consumed 4499 of 200000 compute units
    Program D9es5JgK89P3DHSDdD2bFnn3iYzc5ygRA789Sp4VUtJ2 success
Transaction executed in slot 169151:
  Signature: 5HsFJDEWA1mcWfoA6cqH1hY8CQ9fKop2tvXMXtVJzFrfZcQUXbLqZN9Dx6HbttJa8gt1xQyhmxGX8Tcu4qGBn3Ap
  Status: Ok
  Log Messages:
    Program D9es5JgK89P3DHSDdD2bFnn3iYzc5ygRA789Sp4VUtJ2 invoke [1]
    Program log: Instruction: VoteProposal
    Program data: 7ZmloqIu8+Ds79qjbGujUVZRI0I5WA3YOSdkFm/pntvhmeXdvdNTd1CMT/+RmZTh0KkWN7vrILiyGqQgq3wIjOhGlIuLLyPtZCKt/rN13/gs8+QmOSGfx3vKE8yxU/NY0QtBOywQaZhvFeFnAAAAAA==
    Program D9es5JgK89P3DHSDdD2bFnn3iYzc5ygRA789Sp4VUtJ2 consumed 4728 of 200000 compute units
    Program D9es5JgK89P3DHSDdD2bFnn3iYzc5ygRA789Sp4VUtJ2 success
Transaction executed in slot 169152:
  Signature: 32yRrLjAjyofAegH1FTRVWEec6xY7DjKn9VQDnvJPHKnTjtvBEJ8Yzmovnmgf7jdRAXQrCNmKyuxRN2ju6o3AN7r
  Status: Ok
  Log Messages:
    Program D9es5JgK89P3DHSDdD2bFnn3iYzc5ygRA789Sp4VUtJ2 invoke [1]
    Program log: Instruction: ExecuteProposal
    Program TokenkegQfeZyiNwAJbNbGKPFXCWuBvf9Ss623VQ5DA invoke [2]
    Program log: Instruction: MintTo
    Program TokenkegQfeZyiNwAJbNbGKPFXCWuBvf9Ss623VQ5DA consumed 4492 of 181813 compute units
    Program TokenkegQfeZyiNwAJbNbGKPFXCWuBvf9Ss623VQ5DA success
    Program data: XNW9yWVTb1Ps79qjbGujUVZRI0I5WA3YOSdkFm/pntvhmeXdvdNTd1CMT/+RmZTh0KkWN7vrILiyGqQgq3wIjOhGlIuLLyPtloh4SpD2OmF6Q/WQtzKIFaOq+sfHlUhOLSFkAN/gyn5wFeFnAAAAAA==
    Program D9es5JgK89P3DHSDdD2bFnn3iYzc5ygRA789Sp4VUtJ2 consumed 24990 of 200000 compute units
    Program D9es5JgK89P3DHSDdD2bFnn3iYzc5ygRA789Sp4VUtJ2 success
